<?xml version="1.0" encoding="UTF-8"?>
<!-- Generated by org.testng.reporters.JUnitReportReporter -->
<testsuite hostname="DESKTOP-PGIJ00E" failures="0" tests="1" name="testCases.TC_PriceComparison" time="22.321" errors="0" timestamp="2023-08-31T11:20:03 MST" skipped="0">
  <testcase classname="testCases.TC_PriceComparison" name="priceComparisonTest" time="22.321"/>
  <system-out/>
</testsuite> <!-- testCases.TC_PriceComparison -->
